2024-10-01 10:38:41,817 - INFO - User: AS - Action: Execution - Message: Starting execution for 1 service(s): ['OrderProcessing:PlaceOrder4']. Iterations: 1
2024-10-01 10:38:41,818 - INFO - User: AS - Action: Service Execution - Service: OrderProcessing - Operation: PlaceOrder4 - URL: https://jsonplaceholder.typicode.com/posts/4 - Iteration: 1
2024-10-01 10:38:41,819 - ERROR - User: AS - Error: Execution error - GET: OrderProcessing - PlaceOrder4 => File not found: OrderProcessing_PlaceOrder4_Request.txt - URL: OrderProcessing_PlaceOrder4_Request.txt
2024-10-01 10:38:41,821 - INFO - User: AS - Action: Execution - Message: Starting execution for 1 service(s): ['OrderProcessing:PlaceOrder6']. Iterations: 1
2024-10-01 10:38:41,822 - INFO - User: AS - Action: Execution - Message: Starting execution for 1 service(s): ['OrderProcessing:PlaceOrder5']. Iterations: 1
2024-10-01 10:38:41,823 - INFO - User: AS - Action: Service Execution - Service: OrderProcessing - Operation: PlaceOrder6 - URL: https://jsonplaceholder.typicode.com/posts/6 - Iteration: 1
2024-10-01 10:38:41,825 - INFO - User: AS - Action: Service Execution - Service: OrderProcessing - Operation: PlaceOrder5 - URL: https://jsonplaceholder.typicode.com/posts/5 - Iteration: 1
2024-10-01 10:38:41,826 - ERROR - User: AS - Error: Execution error - POST: OrderProcessing - PlaceOrder6 => File not found: static/requests/OrderProcessing_PlaceOrder6_Request.txt - URL: static/requests/OrderProcessing_PlaceOrder6_Request.txt
2024-10-01 10:38:41,827 - INFO - User: AS - Action: Execution - Message: Starting execution for 1 service(s): ['OrderProcessing:PlaceOrder7']. Iterations: 1
2024-10-01 10:38:41,828 - ERROR - User: AS - Error: Execution error - POST: OrderProcessing - PlaceOrder5 => File not found: OrderProcessing_PlaceOrder5_Request.txt - URL: OrderProcessing_PlaceOrder5_Request.txt
2024-10-01 10:38:41,828 - INFO - User: AS - Action: Service Execution - Service: OrderProcessing - Operation: PlaceOrder7 - URL: https://jsonplaceholder.typicode.com/posts/7 - Iteration: 1
2024-10-01 10:38:41,830 - ERROR - User: AS - Error: Execution error - POST: OrderProcessing - PlaceOrder7 => File not found: OrderProcessing_PlaceOrder7_Request.txt - URL: OrderProcessing_PlaceOrder7_Request.txt
2024-10-01 10:38:49,950 - INFO - User: AS - Action: Execution - Message: Starting execution for 1 service(s): ['OrderProcessing:PlaceOrder4']. Iterations: 1
2024-10-01 10:38:49,951 - INFO - User: AS - Action: Service Execution - Service: OrderProcessing - Operation: PlaceOrder4 - URL: https://jsonplaceholder.typicode.com/posts/4 - Iteration: 1
2024-10-01 10:38:49,952 - ERROR - User: AS - Error: Execution error - GET: OrderProcessing - PlaceOrder4 => File not found: OrderProcessing_PlaceOrder4_Request.txt - URL: OrderProcessing_PlaceOrder4_Request.txt
2024-10-01 10:38:49,953 - INFO - User: AS - Action: Execution - Message: Starting execution for 1 service(s): ['OrderProcessing:PlaceOrder5']. Iterations: 1
2024-10-01 10:38:49,953 - INFO - User: AS - Action: Service Execution - Service: OrderProcessing - Operation: PlaceOrder5 - URL: https://jsonplaceholder.typicode.com/posts/5 - Iteration: 1
2024-10-01 10:38:49,956 - ERROR - User: AS - Error: Execution error - POST: OrderProcessing - PlaceOrder5 => File not found: OrderProcessing_PlaceOrder5_Request.txt - URL: OrderProcessing_PlaceOrder5_Request.txt
2024-10-01 10:38:49,962 - INFO - User: AS - Action: Execution - Message: Starting execution for 1 service(s): ['OrderProcessing:PlaceOrder6']. Iterations: 1
2024-10-01 10:38:49,962 - INFO - User: AS - Action: Service Execution - Service: OrderProcessing - Operation: PlaceOrder6 - URL: https://jsonplaceholder.typicode.com/posts/6 - Iteration: 1
2024-10-01 10:38:49,962 - INFO - User: AS - Action: Execution - Message: Starting execution for 1 service(s): ['OrderProcessing:PlaceOrder7']. Iterations: 1
2024-10-01 10:38:49,963 - ERROR - User: AS - Error: Execution error - POST: OrderProcessing - PlaceOrder6 => File not found: static/requests/OrderProcessing_PlaceOrder6_Request.txt - URL: static/requests/OrderProcessing_PlaceOrder6_Request.txt
2024-10-01 10:38:49,963 - INFO - User: AS - Action: Service Execution - Service: OrderProcessing - Operation: PlaceOrder7 - URL: https://jsonplaceholder.typicode.com/posts/7 - Iteration: 1
2024-10-01 10:38:49,964 - ERROR - User: AS - Error: Execution error - POST: OrderProcessing - PlaceOrder7 => File not found: OrderProcessing_PlaceOrder7_Request.txt - URL: OrderProcessing_PlaceOrder7_Request.txt
